commit 37551015e2b73bd34ccf00ac1cb7b50698fec3bb
Author: Neal Schindler <neal.schindler@noaa.gov>
Date:   Tue Jan 26 16:35:09 2021 -0800

    Completed section 4.5

commit 1a40e06fe3c85386481e981e978c066502558ebd
Author: Neal Schindler <neal.schindler@noaa.gov>
Date:   Tue Jan 26 15:42:23 2021 -0800

    renamed 4.5.9 to 4.5.6 (duplicate)
    
    Completed 4.5.9, then renamed it to 4.5.6 since there is a duplicate section
    Added 4.5.7

commit b65c8f5f4dc5a47b0b151e89c71ffe127c0d9417
Author: Neal Schindler <neal.schindler@noaa.gov>
Date:   Tue Jan 26 10:16:28 2021 -0800

    Create readControl_4-5-4.pdf

commit cc8cc228edfba3739f5a55bcd5310e39d13a7392
Author: Neal Schindler <neal.schindler@noaa.gov>
Date:   Tue Jan 26 10:08:19 2021 -0800

    Update readControl_4-5-4.drawio

commit 4f20183352fc6f8c1f91a707cec959cc71e227e0
Author: Neal Schindler <neal.schindler@noaa.gov>
Date:   Fri Jan 22 17:08:15 2021 -0800

    fixed 4.5.3

commit da89ebcd802a9b3b4107c69c090106c2d66bf079
Author: Neal Schindler <neal.schindler@noaa.gov>
Date:   Mon Jan 11 14:35:39 2021 -0800

    4.5.3 done, prelim adn 4.5.4 started
